<?xml version="1.0" encoding="UTF-8"?>
<!-- Generated by org.testng.reporters.JUnitReportReporter -->
<testsuite hostname="DESKTOP-FOESTS0" failures="0" tests="1" name="com.shopping.application.FirstTest" time="4.319" errors="0" timestamp="2025-05-03T22:29:03 CDT" skipped="0">
  <testcase classname="com.shopping.application.FirstTest" name="addNokiaPhoneToCartTest" time="4.319"/>
</testsuite> <!-- com.shopping.application.FirstTest -->
