<?xml version="1.0" encoding="UTF-8"?>
<!-- Generated by org.testng.reporters.JUnitReportReporter -->
<testsuite hostname="DESKTOP-FOESTS0" failures="0" tests="1" name="com.shopping.application.FirstTest" time="3.846" errors="0" timestamp="2025-05-01T22:39:21 CDT" skipped="0">
  <testcase classname="com.shopping.application.FirstTest" name="addNokiaPhoneToCartTest" time="3.846"/>
</testsuite> <!-- com.shopping.application.FirstTest -->
