<?xml version="1.0" encoding="UTF-8"?>
<!-- Generated by org.testng.reporters.JUnitReportReporter -->
<testsuite hostname="DESKTOP-FOESTS0" failures="0" tests="1" name="com.shopping.application.FirstTest" time="3.786" errors="0" timestamp="2025-04-28T16:07:36 CDT" skipped="0">
  <testcase classname="com.shopping.application.FirstTest" name="addNokiaPhoneToCartTest" time="3.786"/>
</testsuite> <!-- com.shopping.application.FirstTest -->
