<?xml version="1.0" encoding="UTF-8"?>
<!-- Generated by org.testng.reporters.JUnitReportReporter -->
<testsuite hostname="DESKTOP-FOESTS0" failures="0" tests="1" name="com.shopping.application.SecondTest" time="3.292" errors="0" timestamp="2025-04-02T14:38:07 CDT" skipped="0">
  <testcase classname="com.shopping.application.SecondTest" name="f" time="3.292"/>
</testsuite> <!-- com.shopping.application.SecondTest -->
